# JRE version: OpenJDK Runtime Environment (8.0_152-b01) (build 1.8.0_152-release-1024-b01)
# Java VM: OpenJDK 64-Bit Server VM (25.152-b01 mixed mode linux-amd64 compressed oops)
Heap:
 PSYoungGen      total 327680K, used 24556K [0x00000000e0000000, 0x00000000f5800000, 0x0000000100000000)
  eden space 303104K, 0% used [0x00000000e0000000,0x00000000e0000000,0x00000000f2800000)
  from space 24576K, 99% used [0x00000000f2800000,0x00000000f3ffb2a0,0x00000000f4000000)
  to   space 15872K, 0% used [0x00000000f4880000,0x00000000f4880000,0x00000000f5800000)
 ParOldGen       total 151040K, used 56201K [0x00000000a0000000, 0x00000000a9380000, 0x00000000e0000000)
  object space 151040K, 37% used [0x00000000a0000000,0x00000000a36e2710,0x00000000a9380000)
 Metaspace       used 83505K, capacity 87592K, committed 87808K, reserved 1126400K
  class space    used 10889K, capacity 11774K, committed 11776K, reserved 1048576K
GC Heap History (10 events):
Event: 15.812 GC heap after
Heap after GC invocations=15 (full 3):
 PSYoungGen      total 217088K, used 0K [0x00000000e0000000, 0x00000000f0580000, 0x0000000100000000)
  eden space 190464K, 0% used [0x00000000e0000000,0x00000000e0000000,0x00000000eba00000)
  from space 26624K, 0% used [0x00000000ed600000,0x00000000ed600000,0x00000000ef000000)
  to   space 28672K, 0% used [0x00000000eba00000,0x00000000eba00000,0x00000000ed600000)
 ParOldGen       total 151040K, used 46826K [0x00000000a0000000, 0x00000000a9380000, 0x00000000e0000000)
  object space 151040K, 31% used [0x00000000a0000000,0x00000000a2dbaa70,0x00000000a9380000)
 Metaspace       used 57206K, capacity 58942K, committed 59028K, reserved 1099776K
  class space    used 7906K, capacity 8400K, committed 8448K, reserved 1048576K
}
Event: 27.139 GC heap before
{Heap before GC invocations=16 (full 3):
 PSYoungGen      total 217088K, used 190464K [0x00000000e0000000, 0x00000000f0580000, 0x0000000100000000)
  eden space 190464K, 100% used [0x00000000e0000000,0x00000000eba00000,0x00000000eba00000)
  from space 26624K, 0% used [0x00000000ed600000,0x00000000ed600000,0x00000000ef000000)
  to   space 28672K, 0% used [0x00000000eba00000,0x00000000eba00000,0x00000000ed600000)
 ParOldGen       total 151040K, used 46826K [0x00000000a0000000, 0x00000000a9380000, 0x00000000e0000000)
  object space 151040K, 31% used [0x00000000a0000000,0x00000000a2dbaa70,0x00000000a9380000)
 Metaspace       used 62401K, capacity 64766K, committed 65152K, reserved 1105920K
  class space    used 8381K, capacity 9001K, committed 9088K, reserved 1048576K
Event: 27.206 GC heap after
Heap after GC invocations=16 (full 3):
 PSYoungGen      total 219136K, used 9647K [0x00000000e0000000, 0x00000000f2f00000, 0x0000000100000000)
  eden space 190464K, 0% used [0x00000000e0000000,0x00000000e0000000,0x00000000eba00000)
  from space 28672K, 33% used [0x00000000eba00000,0x00000000ec36bd10,0x00000000ed600000)
  to   space 27648K, 0% used [0x00000000f1400000,0x00000000f1400000,0x00000000f2f00000)
 ParOldGen       total 151040K, used 46834K [0x00000000a0000000, 0x00000000a9380000, 0x00000000e0000000)
  object space 151040K, 31% used [0x00000000a0000000,0x00000000a2dbca70,0x00000000a9380000)
 Metaspace       used 62401K, capacity 64766K, committed 65152K, reserved 1105920K
  class space    used 8381K, capacity 9001K, committed 9088K, reserved 1048576K
}
Event: 1086.940 GC heap before
{Heap before GC invocations=17 (full 3):
 PSYoungGen      total 219136K, used 200111K [0x00000000e0000000, 0x00000000f2f00000, 0x0000000100000000)
  eden space 190464K, 100% used [0x00000000e0000000,0x00000000eba00000,0x00000000eba00000)
  from space 28672K, 33% used [0x00000000eba00000,0x00000000ec36bd10,0x00000000ed600000)
  to   space 27648K, 0% used [0x00000000f1400000,0x00000000f1400000,0x00000000f2f00000)
 ParOldGen       total 151040K, used 46834K [0x00000000a0000000, 0x00000000a9380000, 0x00000000e0000000)
  object space 151040K, 31% used [0x00000000a0000000,0x00000000a2dbca70,0x00000000a9380000)
 Metaspace       used 64520K, capacity 67008K, committed 67200K, reserved 1107968K
  class space    used 8581K, capacity 9222K, committed 9344K, reserved 1048576K
Event: 1086.948 GC heap after
Heap after GC invocations=17 (full 3):
 PSYoungGen      total 264192K, used 7478K [0x00000000e0000000, 0x00000000f2500000, 0x0000000100000000)
  eden space 246784K, 0% used [0x00000000e0000000,0x00000000e0000000,0x00000000ef100000)
  from space 17408K, 42% used [0x00000000f1400000,0x00000000f1b4d898,0x00000000f2500000)
  to   space 26624K, 0% used [0x00000000ef100000,0x00000000ef100000,0x00000000f0b00000)
 ParOldGen       total 151040K, used 46842K [0x00000000a0000000, 0x00000000a9380000, 0x00000000e0000000)
  object space 151040K, 31% used [0x00000000a0000000,0x00000000a2dbea70,0x00000000a9380000)
 Metaspace       used 64520K, capacity 67008K, committed 67200K, reserved 1107968K
  class space    used 8581K, capacity 9222K, committed 9344K, reserved 1048576K
}
Event: 1089.888 GC heap before
{Heap before GC invocations=18 (full 3):
 PSYoungGen      total 264192K, used 254262K [0x00000000e0000000, 0x00000000f2500000, 0x0000000100000000)
  eden space 246784K, 100% used [0x00000000e0000000,0x00000000ef100000,0x00000000ef100000)
  from space 17408K, 42% used [0x00000000f1400000,0x00000000f1b4d898,0x00000000f2500000)
  to   space 26624K, 0% used [0x00000000ef100000,0x00000000ef100000,0x00000000f0b00000)
 ParOldGen       total 151040K, used 46842K [0x00000000a0000000, 0x00000000a9380000, 0x00000000e0000000)
  object space 151040K, 31% used [0x00000000a0000000,0x00000000a2dbea70,0x00000000a9380000)
 Metaspace       used 68695K, capacity 71376K, committed 71680K, reserved 1112064K
  class space    used 9024K, capacity 9690K, committed 9728K, reserved 1048576K
Event: 1089.901 GC heap after
Heap after GC invocations=18 (full 3):
 PSYoungGen      total 273408K, used 10632K [0x00000000e0000000, 0x00000000f6180000, 0x0000000100000000)
  eden space 246784K, 0% used [0x00000000e0000000,0x00000000e0000000,0x00000000ef100000)
  from space 26624K, 39% used [0x00000000ef100000,0x00000000efb62298,0x00000000f0b00000)
  to   space 25600K, 0% used [0x00000000f4880000,0x00000000f4880000,0x00000000f6180000)
 ParOldGen       total 151040K, used 49731K [0x00000000a0000000, 0x00000000a9380000, 0x00000000e0000000)
  object space 151040K, 32% used [0x00000000a0000000,0x00000000a3090cb8,0x00000000a9380000)
 Metaspace       used 68695K, capacity 71376K, committed 71680K, reserved 1112064K
  class space    used 9024K, capacity 9690K, committed 9728K, reserved 1048576K
}
Event: 1091.718 GC heap before
{Heap before GC invocations=19 (full 3):
 PSYoungGen      total 273408K, used 257416K [0x00000000e0000000, 0x00000000f6180000, 0x0000000100000000)
  eden space 246784K, 100% used [0x00000000e0000000,0x00000000ef100000,0x00000000ef100000)
  from space 26624K, 39% used [0x00000000ef100000,0x00000000efb62298,0x00000000f0b00000)
  to   space 25600K, 0% used [0x00000000f4880000,0x00000000f4880000,0x00000000f6180000)
 ParOldGen       total 151040K, used 49731K [0x00000000a0000000, 0x00000000a9380000, 0x00000000e0000000)
  object space 151040K, 32% used [0x00000000a0000000,0x00000000a3090cb8,0x00000000a9380000)
 Metaspace       used 74417K, capacity 77128K, committed 77440K, reserved 1116160K
  class space    used 9655K, capacity 10306K, committed 10368K, reserved 1048576K
Event: 1091.728 GC heap after
Heap after GC invocations=19 (full 3):
 PSYoungGen      total 318976K, used 13315K [0x00000000e0000000, 0x00000000f5800000, 0x0000000100000000)
  eden space 303104K, 0% used [0x00000000e0000000,0x00000000e0000000,0x00000000f2800000)
  from space 15872K, 83% used [0x00000000f4880000,0x00000000f5580ef0,0x00000000f5800000)
  to   space 24576K, 0% used [0x00000000f2800000,0x00000000f2800000,0x00000000f4000000)
 ParOldGen       total 151040K, used 49739K [0x00000000a0000000, 0x00000000a9380000, 0x00000000e0000000)
  object space 151040K, 32% used [0x00000000a0000000,0x00000000a3092cb8,0x00000000a9380000)
 Metaspace       used 74417K, capacity 77128K, committed 77440K, reserved 1116160K
  class space    used 9655K, capacity 10306K, committed 10368K, reserved 1048576K
}
Event: 1093.990 GC heap before
{Heap before GC invocations=20 (full 3):
 PSYoungGen      total 318976K, used 316218K [0x00000000e0000000, 0x00000000f5800000, 0x0000000100000000)
  eden space 303104K, 99% used [0x00000000e0000000,0x00000000f27cd9e0,0x00000000f2800000)
  from space 15872K, 83% used [0x00000000f4880000,0x00000000f5580ef0,0x00000000f5800000)
  to   space 24576K, 0% used [0x00000000f2800000,0x00000000f2800000,0x00000000f4000000)
 ParOldGen       total 151040K, used 49739K [0x00000000a0000000, 0x00000000a9380000, 0x00000000e0000000)
  object space 151040K, 32% used [0x00000000a0000000,0x00000000a3092cb8,0x00000000a9380000)
 Metaspace       used 83505K, capacity 87592K, committed 87808K, reserved 1126400K
  class space    used 10889K, capacity 11774K, committed 11776K, reserved 1048576K

